<?xml version="1.0" encoding="UTF-8"?>
<!-- Generated by org.testng.reporters.JUnitReportReporter -->
<testsuite skipped="0" hostname="DESKTOP-DAPT56R" name="runners.TestNGRunner" tests="2" failures="0" timestamp="2022-06-14T00:33:09 IST" time="17.038" errors="0">
  <testcase name="runScenario" time="8.699" classname="runners.TestNGRunner"/>
  <system-out/>
  <testcase name="runScenario" time="8.339" classname="runners.TestNGRunner"/>
  <system-out/>
</testsuite> <!-- runners.TestNGRunner -->
